---------------------------------------
 DCC v0.0, ClearSy 2017

 Configuration from user arguments
---------------------------------------
step                   | init
release_mode           | ReleaseMode.SAFETY
platform               | win32
install_dir            | C:\atelierb-cssp 24.04\share\cssp_plugins1
build_dir              | C:\CSSP\workspace\RoME_UAV_3\lang\dcc
compile_mode           | CompilationMode.USER
ending_mode            | EndingMode.LCHIP
debug_mode             | False
lite_mode              | False
project_name           | RoME_UAV_3
build_project_dir      | C:\CSSP\workspace\RoME_UAV_3\lang\dcc\RoME_UAV_3
kernel_archive         | C:\atelierb-cssp 24.04\share\plugins\lchip_795L_multi_kernel_kernel_archive.zip
tools_dir              | C:\atelierb-cssp 24.04\share\cssp_plugins1\bin\win_tools
tools_cfg              | C:\atelierb-cssp 24.04\share\cssp_plugins1\tools.cfg
config_dir             | C:\atelierb-cssp 24.04\share\plugins\lchip_user_src\cfg
resources_dir          | C:\atelierb-cssp 24.04\share\plugins\lchip_user_src\ressources
c_src_dir              | C:\atelierb-cssp 24.04\share\plugins\lchip_user_src\src
b_bdp_dir              | C:\CSSP\workspace\RoME_UAV_3\bdp
b_db                   | C:\CSSP\workspace\RoME_UAV_3\bdp\RoME_UAV_3.db
parrallel_build_tasks  | 1
compiler               | C:\atelierb-cssp 24.04\share\cssp_plugins1\bin\win_tools\c2hex\pic32-tools\bin\pic32-gcc.exe
read_elf               | C:\atelierb-cssp 24.04\share\cssp_plugins1\bin\win_tools\c2hex\pic32-tools\bin\pic32-readelf.exe
bin2hex                | C:\atelierb-cssp 24.04\share\cssp_plugins1\bin\win_tools\c2hex\pic32-tools\bin\pic32-bin2hex.exe
c_compiler_options     | False
use_bootloader         | False
generate_mips_assembly | False
Output hex file        | C:\CSSP\workspace\RoME_UAV_3\lang\dcc\RoME_UAV_3\RoME_UAV_3_final.hex

 Configuration tools configuration file
---------------------------------------
empty

 Configuration project configuration file
---------------------------------------
COMPILATION_MODE                | USER
ENDING_MODE                     | LCHIP
MCU                             | 32MX795F512L
INCLUDE_CONSTANTS_PATH          | replica_2\include_constants.h
C4B_OUTPUT_PATH                 | replica_2
LINKER_SCRIPT                   | LinkerScript.ld
PROGRAM_MEM                     | ORIGIN = 0x9D000000, LENGTH = 0x80000
PROGRAM_DATA                    | ORIGIN = 0xA0000000, LENGTH = 0x20000
BOOTLOADER_AREA                 | ORIGIN = 0x1FC00000, LENGTH = 0x3000
[_SYSTEM_RESERVED_FLASH_LENGTH] | 0x15000
[_SYSTEM_RESERVED_RAM_LENGTH]   | 0x8000
[_PRECOMPUTED_CRC_SPACE]        | 0x1000
[_PRECOMPUTED_CRC_LENGTH]       | 0x1000
C_COMPILER                      | pic32
C_COMPILER_OPT                  | -D _DISABLE_OPENADC10_CONFIGPORT_WARNING -D _SUPPRESS_PLIB_WARNING
R1_CHK_VAR_SECTION              | .R1_CHK_VAR
R1_NCHK_VAR_SECTION             | .R1_NCHK_VAR
R1_FN_SECTION                   | .R1_FN
SYMBOL_REGEX                    | ^safety_variables__initialisation$
STRUCT_GLOBAL_CONSTANTS         | global_constants
STRUCT_SAFETY_VARIABLES_SIZE    | struct_safety_variables_size_minus_1
STRUCT_SAFETY_VARIABLES_ARRAY   | safety_variables_array
LINK_TO_KERNEL_REGEX            | ^.*$
LINK_TO_KERNEL_ADDR_PATH        | kernel_app\link_to_kernel_addr.h
NON_APP_SECTION_REGEX           | ^\.(USER_INFO|TEST_FLASH|SAFETY_SPACE_CRC|CRC|NR_NS_FN_NO_CACHE|R[12]?_U_\w+)$
FREE_FLASH_SECTION              | .FREE_FLASH_SPACE
FREE_RAM_SECTION                | .FREE_RAM_SPACE


0.1) Build directory initialization
---------------------------------------
[Warning] Existing project folder RoME_UAV_3, will be removed.
Starting generation 2025-12-14 22:36:10.548506


0.2) Generating model_data_group.cfg
----------------------------------------
Launch [model_data_group_gen] : ['C:\\atelierb-cssp 24.04\\share\\cssp_plugins1\\bin\\win_tools\\model_data_group_gen\\bin\\model_data_group_gen.exe', 'C:\\CSSP\\workspace\\RoME_UAV_3\\bdp\\RoME_UAV_3.db', 'C:\\CSSP\\workspace\\RoME_UAV_3\\lang\\dcc\\RoME_UAV_3\\cfg\\model_data_group.cfg']
C:\CSSP\workspace\RoME_UAV_3\lang\dcc\RoME_UAV_3\cfg\model_data_group.cfg successfully generated.

0.3) Extracting archive
---------------------------
Archive C:\atelierb-cssp 24.04\share\plugins\lchip_795L_multi_kernel_kernel_archive.zip successfully extracted

0.4) Integrity check
------------------------
Valid archive files
Warning, ignored mapping line in C:\CSSP\workspace\RoME_UAV_3\lang\dcc\RoME_UAV_3\k_archive\shared_mapping_r1.map : # Auto-generated file
Mapping file C:\CSSP\workspace\RoME_UAV_3\lang\dcc\RoME_UAV_3\k_archive\shared_mapping_r1.map successfully loaded
Warning, ignored mapping line in C:\CSSP\workspace\RoME_UAV_3\lang\dcc\RoME_UAV_3\k_archive\shared_mapping_r2.map : # Auto-generated file
Mapping file C:\CSSP\workspace\RoME_UAV_3\lang\dcc\RoME_UAV_3\k_archive\shared_mapping_r2.map successfully loaded
